{"/home/jafer/microverse_projects/module2/ToDoList-code-review/src/Task.js": {"path":"/home/jafer/microverse_projects/module2/ToDoList-code-review/src/Task.js","statementMap":{"0":{"start":{"line":3,"column":4},"end":{"line":3,"column":28}},"1":{"start":{"line":4,"column":4},"end":{"line":4,"column":31}},"2":{"start":{"line":5,"column":4},"end":{"line":5,"column":23}}},"fnMap":{"0":{"name":"(anonymous_0)","decl":{"start":{"line":2,"column":2},"end":{"line":2,"column":3}},"loc":{"start":{"line":2,"column":46},"end":{"line":6,"column":3}},"line":2}},"branchMap":{"0":{"loc":{"start":{"line":2,"column":27},"end":{"line":2,"column":44}},"type":"default-arg","locations":[{"start":{"line":2,"column":39},"end":{"line":2,"column":44}}],"line":2}},"s":{"0":10,"1":10,"2":10},"f":{"0":10},"b":{"0":[5]},"_coverageSchema":"1a1c01bbd47fc00a2c39e90264f33305004495a9","hash":"beb7f8e057e56feb15ca5c914a808e3cd419165f"}
,"/home/jafer/microverse_projects/module2/ToDoList-code-review/src/addTaskToPage.js": {"path":"/home/jafer/microverse_projects/module2/ToDoList-code-review/src/addTaskToPage.js","statementMap":{"0":{"start":{"line":5,"column":15},"end":{"line":5,"column":42}},"1":{"start":{"line":6,"column":16},"end":{"line":6,"column":46}},"2":{"start":{"line":7,"column":16},"end":{"line":7,"column":46}},"3":{"start":{"line":8,"column":13},"end":{"line":8,"column":40}},"4":{"start":{"line":9,"column":17},"end":{"line":9,"column":48}},"5":{"start":{"line":10,"column":15},"end":{"line":10,"column":46}},"6":{"start":{"line":11,"column":13},"end":{"line":11,"column":40}},"7":{"start":{"line":12,"column":18},"end":{"line":12,"column":47}},"8":{"start":{"line":13,"column":16},"end":{"line":13,"column":44}},"9":{"start":{"line":15,"column":2},"end":{"line":15,"column":28}},"10":{"start":{"line":16,"column":2},"end":{"line":16,"column":28}},"11":{"start":{"line":17,"column":2},"end":{"line":17,"column":34}},"12":{"start":{"line":18,"column":2},"end":{"line":18,"column":24}},"13":{"start":{"line":19,"column":2},"end":{"line":19,"column":47}},"14":{"start":{"line":19,"column":27},"end":{"line":19,"column":45}},"15":{"start":{"line":20,"column":2},"end":{"line":20,"column":26}},"16":{"start":{"line":21,"column":2},"end":{"line":21,"column":28}},"17":{"start":{"line":22,"column":2},"end":{"line":22,"column":26}},"18":{"start":{"line":23,"column":2},"end":{"line":23,"column":32}},"19":{"start":{"line":24,"column":2},"end":{"line":24,"column":25}},"20":{"start":{"line":27,"column":2},"end":{"line":27,"column":23}},"21":{"start":{"line":28,"column":2},"end":{"line":28,"column":32}},"22":{"start":{"line":29,"column":2},"end":{"line":29,"column":26}},"23":{"start":{"line":30,"column":2},"end":{"line":30,"column":23}},"24":{"start":{"line":31,"column":2},"end":{"line":31,"column":27}},"25":{"start":{"line":32,"column":2},"end":{"line":32,"column":25}},"26":{"start":{"line":33,"column":2},"end":{"line":33,"column":27}},"27":{"start":{"line":34,"column":2},"end":{"line":34,"column":34}},"28":{"start":{"line":35,"column":2},"end":{"line":35,"column":33}},"29":{"start":{"line":36,"column":2},"end":{"line":36,"column":38}},"30":{"start":{"line":37,"column":2},"end":{"line":37,"column":38}},"31":{"start":{"line":38,"column":16},"end":{"line":38,"column":56}},"32":{"start":{"line":39,"column":2},"end":{"line":39,"column":27}}},"fnMap":{"0":{"name":"addTaskToPage","decl":{"start":{"line":4,"column":16},"end":{"line":4,"column":29}},"loc":{"start":{"line":4,"column":36},"end":{"line":40,"column":1}},"line":4},"1":{"name":"(anonymous_1)","decl":{"start":{"line":19,"column":20},"end":{"line":19,"column":21}},"loc":{"start":{"line":19,"column":27},"end":{"line":19,"column":45}},"line":19}},"branchMap":{},"s":{"0":5,"1":5,"2":5,"3":5,"4":5,"5":5,"6":5,"7":5,"8":5,"9":5,"10":5,"11":5,"12":5,"13":5,"14":0,"15":5,"16":5,"17":5,"18":5,"19":5,"20":5,"21":5,"22":5,"23":5,"24":5,"25":5,"26":5,"27":5,"28":5,"29":5,"30":5,"31":5,"32":5},"f":{"0":5,"1":0},"b":{},"_coverageSchema":"1a1c01bbd47fc00a2c39e90264f33305004495a9","hash":"fc73409d5811644acd238d844be0ae5a3a7e8bb1"}
,"/home/jafer/microverse_projects/module2/ToDoList-code-review/src/pageFunc.js": {"path":"/home/jafer/microverse_projects/module2/ToDoList-code-review/src/pageFunc.js","statementMap":{"0":{"start":{"line":4,"column":2},"end":{"line":4,"column":69}},"1":{"start":{"line":5,"column":2},"end":{"line":5,"column":60}},"2":{"start":{"line":6,"column":2},"end":{"line":6,"column":29}},"3":{"start":{"line":7,"column":2},"end":{"line":7,"column":71}},"4":{"start":{"line":11,"column":16},"end":{"line":11,"column":70}},"5":{"start":{"line":12,"column":2},"end":{"line":12,"column":23}},"6":{"start":{"line":13,"column":2},"end":{"line":13,"column":94}},"7":{"start":{"line":14,"column":2},"end":{"line":14,"column":96}},"8":{"start":{"line":15,"column":2},"end":{"line":15,"column":49}},"9":{"start":{"line":16,"column":16},"end":{"line":16,"column":61}},"10":{"start":{"line":17,"column":2},"end":{"line":17,"column":74}},"11":{"start":{"line":18,"column":2},"end":{"line":18,"column":28}},"12":{"start":{"line":22,"column":18},"end":{"line":22,"column":46}},"13":{"start":{"line":23,"column":2},"end":{"line":23,"column":22}},"14":{"start":{"line":24,"column":2},"end":{"line":24,"column":28}},"15":{"start":{"line":25,"column":2},"end":{"line":25,"column":17}},"16":{"start":{"line":29,"column":2},"end":{"line":29,"column":58}},"17":{"start":{"line":33,"column":16},"end":{"line":33,"column":61}},"18":{"start":{"line":34,"column":16},"end":{"line":34,"column":78}},"19":{"start":{"line":35,"column":2},"end":{"line":35,"column":35}},"20":{"start":{"line":36,"column":2},"end":{"line":36,"column":25}},"21":{"start":{"line":37,"column":2},"end":{"line":37,"column":60}},"22":{"start":{"line":37,"column":15},"end":{"line":37,"column":16}},"23":{"start":{"line":37,"column":41},"end":{"line":37,"column":60}},"24":{"start":{"line":38,"column":2},"end":{"line":38,"column":28}},"25":{"start":{"line":39,"column":2},"end":{"line":39,"column":44}}},"fnMap":{"0":{"name":"enableEdit","decl":{"start":{"line":3,"column":16},"end":{"line":3,"column":26}},"loc":{"start":{"line":3,"column":28},"end":{"line":8,"column":1}},"line":3},"1":{"name":"editTask","decl":{"start":{"line":10,"column":16},"end":{"line":10,"column":24}},"loc":{"start":{"line":10,"column":26},"end":{"line":19,"column":1}},"line":10},"2":{"name":"addTask","decl":{"start":{"line":21,"column":16},"end":{"line":21,"column":23}},"loc":{"start":{"line":21,"column":35},"end":{"line":26,"column":1}},"line":21},"3":{"name":"updateLocalStorage","decl":{"start":{"line":28,"column":16},"end":{"line":28,"column":34}},"loc":{"start":{"line":28,"column":41},"end":{"line":30,"column":1}},"line":28},"4":{"name":"removeTask","decl":{"start":{"line":32,"column":16},"end":{"line":32,"column":26}},"loc":{"start":{"line":32,"column":28},"end":{"line":41,"column":1}},"line":32}},"branchMap":{},"s":{"0":0,"1":0,"2":0,"3":0,"4":0,"5":0,"6":0,"7":0,"8":0,"9":0,"10":0,"11":0,"12":5,"13":5,"14":5,"15":5,"16":6,"17":1,"18":1,"19":1,"20":1,"21":1,"22":1,"23":4,"24":1,"25":1},"f":{"0":0,"1":0,"2":5,"3":6,"4":1},"b":{},"_coverageSchema":"1a1c01bbd47fc00a2c39e90264f33305004495a9","hash":"56ec0cfc8256d62968a6c345dc7a7fc9e5852340"}
,"/home/jafer/microverse_projects/module2/ToDoList-code-review/src/status.js": {"path":"/home/jafer/microverse_projects/module2/ToDoList-code-review/src/status.js","statementMap":{"0":{"start":{"line":3,"column":12},"end":{"line":3,"column":58}},"1":{"start":{"line":6,"column":16},"end":{"line":6,"column":70}},"2":{"start":{"line":7,"column":17},"end":{"line":7,"column":29}},"3":{"start":{"line":8,"column":2},"end":{"line":8,"column":34}},"4":{"start":{"line":9,"column":2},"end":{"line":9,"column":28}},"5":{"start":{"line":12,"column":33},"end":{"line":20,"column":1}},"6":{"start":{"line":13,"column":2},"end":{"line":13,"column":57}},"7":{"start":{"line":14,"column":2},"end":{"line":14,"column":21}},"8":{"start":{"line":15,"column":2},"end":{"line":15,"column":50}},"9":{"start":{"line":15,"column":33},"end":{"line":15,"column":48}},"10":{"start":{"line":16,"column":2},"end":{"line":16,"column":21}},"11":{"start":{"line":17,"column":2},"end":{"line":17,"column":28}},"12":{"start":{"line":19,"column":2},"end":{"line":19,"column":27}}},"fnMap":{"0":{"name":"updateStatus","decl":{"start":{"line":5,"column":16},"end":{"line":5,"column":28}},"loc":{"start":{"line":5,"column":30},"end":{"line":10,"column":1}},"line":5},"1":{"name":"(anonymous_1)","decl":{"start":{"line":12,"column":33},"end":{"line":12,"column":34}},"loc":{"start":{"line":12,"column":39},"end":{"line":20,"column":1}},"line":12},"2":{"name":"(anonymous_2)","decl":{"start":{"line":15,"column":23},"end":{"line":15,"column":24}},"loc":{"start":{"line":15,"column":33},"end":{"line":15,"column":48}},"line":15}},"branchMap":{},"s":{"0":1,"1":0,"2":0,"3":0,"4":0,"5":1,"6":0,"7":0,"8":0,"9":0,"10":0,"11":0,"12":0},"f":{"0":0,"1":0,"2":0},"b":{},"_coverageSchema":"1a1c01bbd47fc00a2c39e90264f33305004495a9","hash":"a035f1c1fa51f7b200a1fd3accbe2329296514ba"}
}
