{"G:\\codeprojects\\microverse\\moduleTwo\\pairProgramming\\ToDoList-code-review\\src\\addTaskToPage.js": {"path":"G:\\codeprojects\\microverse\\moduleTwo\\pairProgramming\\ToDoList-code-review\\src\\addTaskToPage.js","statementMap":{"0":{"start":{"line":4,"column":15},"end":{"line":4,"column":42}},"1":{"start":{"line":5,"column":16},"end":{"line":5,"column":46}},"2":{"start":{"line":6,"column":16},"end":{"line":6,"column":46}},"3":{"start":{"line":7,"column":2},"end":{"line":7,"column":28}},"4":{"start":{"line":8,"column":2},"end":{"line":8,"column":28}},"5":{"start":{"line":9,"column":13},"end":{"line":9,"column":40}},"6":{"start":{"line":10,"column":2},"end":{"line":10,"column":34}},"7":{"start":{"line":11,"column":2},"end":{"line":11,"column":24}},"8":{"start":{"line":14,"column":13},"end":{"line":14,"column":40}},"9":{"start":{"line":15,"column":2},"end":{"line":15,"column":28}},"10":{"start":{"line":17,"column":18},"end":{"line":17,"column":47}},"11":{"start":{"line":18,"column":2},"end":{"line":18,"column":32}},"12":{"start":{"line":19,"column":2},"end":{"line":19,"column":25}},"13":{"start":{"line":22,"column":17},"end":{"line":22,"column":48}},"14":{"start":{"line":23,"column":15},"end":{"line":23,"column":46}},"15":{"start":{"line":24,"column":2},"end":{"line":24,"column":23}},"16":{"start":{"line":25,"column":2},"end":{"line":25,"column":32}},"17":{"start":{"line":26,"column":2},"end":{"line":26,"column":26}},"18":{"start":{"line":27,"column":2},"end":{"line":27,"column":23}},"19":{"start":{"line":30,"column":2},"end":{"line":30,"column":27}},"20":{"start":{"line":31,"column":2},"end":{"line":31,"column":34}},"21":{"start":{"line":33,"column":16},"end":{"line":33,"column":44}},"22":{"start":{"line":34,"column":2},"end":{"line":34,"column":38}},"23":{"start":{"line":35,"column":2},"end":{"line":35,"column":38}},"24":{"start":{"line":36,"column":16},"end":{"line":36,"column":56}},"25":{"start":{"line":37,"column":2},"end":{"line":37,"column":27}}},"fnMap":{"0":{"name":"addTaskToPage","decl":{"start":{"line":3,"column":16},"end":{"line":3,"column":29}},"loc":{"start":{"line":3,"column":36},"end":{"line":39,"column":1}},"line":3}},"branchMap":{},"s":{"0":5,"1":5,"2":5,"3":5,"4":5,"5":5,"6":5,"7":5,"8":5,"9":5,"10":5,"11":5,"12":5,"13":5,"14":5,"15":5,"16":5,"17":5,"18":5,"19":5,"20":5,"21":5,"22":5,"23":5,"24":5,"25":5},"f":{"0":5},"b":{},"_coverageSchema":"1a1c01bbd47fc00a2c39e90264f33305004495a9","hash":"0cb694489b0174936d8f17d3702a7636679ff9e1"}
}
