TN:
SF:src/Task.js
FN:2,(anonymous_0)
FNF:1
FNH:1
FNDA:10,(anonymous_0)
DA:3,10
DA:4,10
DA:5,10
LF:3
LH:3
BRDA:2,0,0,5
BRF:1
BRH:1
end_of_record
TN:
SF:src/addTaskToPage.js
FN:4,addTaskToPage
FN:19,(anonymous_1)
FNF:2
FNH:1
FNDA:5,addTaskToPage
FNDA:0,(anonymous_1)
DA:5,5
DA:6,5
DA:7,5
DA:8,5
DA:9,5
DA:10,5
DA:11,5
DA:12,5
DA:13,5
DA:15,5
DA:16,5
DA:17,5
DA:18,5
DA:19,5
DA:20,5
DA:21,5
DA:22,5
DA:23,5
DA:24,5
DA:27,5
DA:28,5
DA:29,5
DA:30,5
DA:31,5
DA:32,5
DA:33,5
DA:34,5
DA:35,5
DA:36,5
DA:37,5
DA:38,5
DA:39,5
LF:32
LH:32
BRF:0
BRH:0
end_of_record
TN:
SF:src/pageFunc.js
FN:3,enableEdit
FN:10,editTask
FN:21,addTask
FN:28,updateLocalStorage
FN:32,removeTask
FNF:5
FNH:4
FNDA:0,enableEdit
FNDA:1,editTask
FNDA:5,addTask
FNDA:7,updateLocalStorage
FNDA:1,removeTask
DA:4,0
DA:5,0
DA:6,0
DA:7,0
DA:11,1
DA:12,1
DA:13,1
DA:14,1
DA:15,1
DA:16,1
DA:17,1
DA:18,1
DA:22,5
DA:23,5
DA:24,5
DA:25,5
DA:29,7
DA:33,1
DA:34,1
DA:35,1
DA:36,1
DA:37,1
DA:38,4
DA:39,1
LF:24
LH:20
BRF:0
BRH:0
end_of_record
TN:
SF:src/status.js
FN:5,updateStatus
FN:12,(anonymous_1)
FN:15,(anonymous_2)
FNF:3
FNH:0
FNDA:0,updateStatus
FNDA:0,(anonymous_1)
FNDA:0,(anonymous_2)
DA:3,1
DA:6,0
DA:7,0
DA:8,0
DA:9,0
DA:12,1
DA:13,0
DA:14,0
DA:15,0
DA:16,0
DA:17,0
DA:19,0
LF:12
LH:2
BRF:0
BRH:0
end_of_record
