TN:
SF:src/Task.js
FN:2,(anonymous_0)
FNF:1
FNH:1
FNDA:10,(anonymous_0)
DA:3,10
DA:4,10
DA:5,10
LF:3
LH:3
BRDA:2,0,0,5
BRF:1
BRH:1
end_of_record
TN:
SF:src/addTaskToPage.js
FN:4,addTaskToPage
FN:19,(anonymous_1)
FNF:2
FNH:1
FNDA:8,addTaskToPage
FNDA:0,(anonymous_1)
DA:5,8
DA:6,8
DA:7,8
DA:8,8
DA:9,8
DA:10,8
DA:11,8
DA:12,8
DA:13,8
DA:15,8
DA:16,8
DA:17,8
DA:18,8
DA:19,8
DA:20,8
DA:21,8
DA:22,8
DA:23,8
DA:24,8
DA:25,8
DA:28,8
DA:29,8
DA:30,8
DA:31,8
DA:32,8
DA:33,8
DA:34,8
DA:35,8
DA:36,8
DA:37,8
DA:38,8
DA:39,8
DA:40,8
LF:33
LH:33
BRF:0
BRH:0
end_of_record
TN:
SF:src/pageFunc.js
FN:4,(anonymous_0)
FN:12,enableEdit
FN:19,editTask
FN:30,addTask
FN:37,updateLocalStorage
FN:41,removeTask
FNF:6
FNH:5
FNDA:1,(anonymous_0)
FNDA:0,enableEdit
FNDA:1,editTask
FNDA:5,addTask
FNDA:9,updateLocalStorage
FNDA:1,removeTask
DA:4,1
DA:5,1
DA:6,1
DA:7,1
DA:8,3
DA:13,0
DA:14,0
DA:15,0
DA:16,0
DA:20,1
DA:21,1
DA:22,1
DA:23,1
DA:24,1
DA:25,1
DA:26,1
DA:27,1
DA:31,5
DA:32,5
DA:33,5
DA:34,5
DA:38,9
DA:42,1
DA:43,1
DA:44,1
DA:45,1
DA:46,4
DA:47,1
LF:28
LH:24
BRF:0
BRH:0
end_of_record
TN:
SF:src/status.js
FN:5,updateStatus
FN:15,(anonymous_1)
FN:17,(anonymous_2)
FNF:3
FNH:3
FNDA:1,updateStatus
FNDA:1,(anonymous_1)
FNDA:4,(anonymous_2)
DA:3,1
DA:6,1
DA:7,1
DA:8,1
DA:9,1
DA:10,1
DA:11,1
DA:12,1
DA:15,1
DA:16,1
DA:17,4
DA:18,1
DA:19,1
LF:13
LH:13
BRF:0
BRH:0
end_of_record
